2020-11-16T13:34:16+00:00 CRITICAL Uncaught Error: Class 'ZipArchive' not found in /data/development/site/delicatessen.bg/wp/wp-content/plugins/wp-all-import-pro/classes/PHPExcel/Reader/Excel2007.php:85
Stack trace:
#0 /data/development/site/delicatessen.bg/wp/wp-content/plugins/wp-all-import-pro/classes/PHPExcel/IOFactory.php(269): PHPExcel_Reader_Excel2007->canRead('/data/developme...')
#1 /data/development/site/delicatessen.bg/wp/wp-content/plugins/wp-all-import-pro/classes/PHPExcel/IOFactory.php(191): PHPExcel_IOFactory::createReaderForFile('/data/developme...')
#2 /data/development/site/delicatessen.bg/wp/wp-content/plugins/wp-all-import-pro/libraries/XmlImportXLSParse.php(35): PHPExcel_IOFactory::load('/data/developme...')
#3 /data/development/site/delicatessen.bg/wp/wp-content/plugins/wp-all-import-pro/libraries/XmlImportXLSParse.php(28): PMXI_XLSParser->toXML()
#4 /data/development/site/delicatessen.bg/wp/wp-content/plugins/wp-all-import-pro/classes/upload.php(228): PMXI_XLSParser->parse()
#5 /data/development/site/delicatessen.bg/wp/w in /data/development/site/delicatessen.bg/wp/wp-content/plugins/wp-all-import-pro/classes/PHPExcel/Reader/Excel2007.php on line 85

2020-11-16T13:34:49+00:00 CRITICAL Uncaught Error: Class 'ZipArchive' not found in /data/development/site/delicatessen.bg/wp/wp-content/plugins/wp-all-import-pro/classes/PHPExcel/Reader/Excel2007.php:85
Stack trace:
#0 /data/development/site/delicatessen.bg/wp/wp-content/plugins/wp-all-import-pro/classes/PHPExcel/IOFactory.php(269): PHPExcel_Reader_Excel2007->canRead('/data/developme...')
#1 /data/development/site/delicatessen.bg/wp/wp-content/plugins/wp-all-import-pro/classes/PHPExcel/IOFactory.php(191): PHPExcel_IOFactory::createReaderForFile('/data/developme...')
#2 /data/development/site/delicatessen.bg/wp/wp-content/plugins/wp-all-import-pro/libraries/XmlImportXLSParse.php(35): PHPExcel_IOFactory::load('/data/developme...')
#3 /data/development/site/delicatessen.bg/wp/wp-content/plugins/wp-all-import-pro/libraries/XmlImportXLSParse.php(28): PMXI_XLSParser->toXML()
#4 /data/development/site/delicatessen.bg/wp/wp-content/plugins/wp-all-import-pro/classes/upload.php(228): PMXI_XLSParser->parse()
#5 /data/development/site/delicatessen.bg/wp/w in /data/development/site/delicatessen.bg/wp/wp-content/plugins/wp-all-import-pro/classes/PHPExcel/Reader/Excel2007.php on line 85

2020-11-16T13:35:25+00:00 CRITICAL Uncaught Error: Class 'ZipArchive' not found in /data/development/site/delicatessen.bg/wp/wp-content/plugins/wp-all-import-pro/classes/PHPExcel/Reader/Excel2007.php:85
Stack trace:
#0 /data/development/site/delicatessen.bg/wp/wp-content/plugins/wp-all-import-pro/classes/PHPExcel/IOFactory.php(269): PHPExcel_Reader_Excel2007->canRead('/data/developme...')
#1 /data/development/site/delicatessen.bg/wp/wp-content/plugins/wp-all-import-pro/classes/PHPExcel/IOFactory.php(191): PHPExcel_IOFactory::createReaderForFile('/data/developme...')
#2 /data/development/site/delicatessen.bg/wp/wp-content/plugins/wp-all-import-pro/libraries/XmlImportXLSParse.php(35): PHPExcel_IOFactory::load('/data/developme...')
#3 /data/development/site/delicatessen.bg/wp/wp-content/plugins/wp-all-import-pro/libraries/XmlImportXLSParse.php(28): PMXI_XLSParser->toXML()
#4 /data/development/site/delicatessen.bg/wp/wp-content/plugins/wp-all-import-pro/classes/upload.php(749): PMXI_XLSParser->parse()
#5 /data/development/site/delicatessen.bg/wp/w in /data/development/site/delicatessen.bg/wp/wp-content/plugins/wp-all-import-pro/classes/PHPExcel/Reader/Excel2007.php on line 85

2020-11-16T13:36:04+00:00 CRITICAL Uncaught Error: Class 'ZipArchive' not found in /data/development/site/delicatessen.bg/wp/wp-content/plugins/wp-all-import-pro/classes/PHPExcel/Reader/Excel2007.php:85
Stack trace:
#0 /data/development/site/delicatessen.bg/wp/wp-content/plugins/wp-all-import-pro/classes/PHPExcel/IOFactory.php(269): PHPExcel_Reader_Excel2007->canRead('/data/developme...')
#1 /data/development/site/delicatessen.bg/wp/wp-content/plugins/wp-all-import-pro/classes/PHPExcel/IOFactory.php(191): PHPExcel_IOFactory::createReaderForFile('/data/developme...')
#2 /data/development/site/delicatessen.bg/wp/wp-content/plugins/wp-all-import-pro/libraries/XmlImportXLSParse.php(35): PHPExcel_IOFactory::load('/data/developme...')
#3 /data/development/site/delicatessen.bg/wp/wp-content/plugins/wp-all-import-pro/libraries/XmlImportXLSParse.php(28): PMXI_XLSParser->toXML()
#4 /data/development/site/delicatessen.bg/wp/wp-content/plugins/wp-all-import-pro/classes/upload.php(228): PMXI_XLSParser->parse()
#5 /data/development/site/delicatessen.bg/wp/w in /data/development/site/delicatessen.bg/wp/wp-content/plugins/wp-all-import-pro/classes/PHPExcel/Reader/Excel2007.php on line 85

2020-11-16T13:36:41+00:00 CRITICAL Uncaught Error: Class 'ZipArchive' not found in /data/development/site/delicatessen.bg/wp/wp-content/plugins/wp-all-import-pro/classes/PHPExcel/Reader/Excel2007.php:85
Stack trace:
#0 /data/development/site/delicatessen.bg/wp/wp-content/plugins/wp-all-import-pro/classes/PHPExcel/IOFactory.php(269): PHPExcel_Reader_Excel2007->canRead('/data/developme...')
#1 /data/development/site/delicatessen.bg/wp/wp-content/plugins/wp-all-import-pro/classes/PHPExcel/IOFactory.php(191): PHPExcel_IOFactory::createReaderForFile('/data/developme...')
#2 /data/development/site/delicatessen.bg/wp/wp-content/plugins/wp-all-import-pro/libraries/XmlImportXLSParse.php(35): PHPExcel_IOFactory::load('/data/developme...')
#3 /data/development/site/delicatessen.bg/wp/wp-content/plugins/wp-all-import-pro/libraries/XmlImportXLSParse.php(28): PMXI_XLSParser->toXML()
#4 /data/development/site/delicatessen.bg/wp/wp-content/plugins/wp-all-import-pro/classes/upload.php(228): PMXI_XLSParser->parse()
#5 /data/development/site/delicatessen.bg/wp/w in /data/development/site/delicatessen.bg/wp/wp-content/plugins/wp-all-import-pro/classes/PHPExcel/Reader/Excel2007.php on line 85

2020-11-16T13:37:19+00:00 CRITICAL Uncaught Error: Class 'ZipArchive' not found in /data/development/site/delicatessen.bg/wp/wp-content/plugins/wp-all-import-pro/classes/PHPExcel/Reader/Excel2007.php:85
Stack trace:
#0 /data/development/site/delicatessen.bg/wp/wp-content/plugins/wp-all-import-pro/classes/PHPExcel/IOFactory.php(269): PHPExcel_Reader_Excel2007->canRead('/data/developme...')
#1 /data/development/site/delicatessen.bg/wp/wp-content/plugins/wp-all-import-pro/classes/PHPExcel/IOFactory.php(191): PHPExcel_IOFactory::createReaderForFile('/data/developme...')
#2 /data/development/site/delicatessen.bg/wp/wp-content/plugins/wp-all-import-pro/libraries/XmlImportXLSParse.php(35): PHPExcel_IOFactory::load('/data/developme...')
#3 /data/development/site/delicatessen.bg/wp/wp-content/plugins/wp-all-import-pro/libraries/XmlImportXLSParse.php(28): PMXI_XLSParser->toXML()
#4 /data/development/site/delicatessen.bg/wp/wp-content/plugins/wp-all-import-pro/classes/upload.php(749): PMXI_XLSParser->parse()
#5 /data/development/site/delicatessen.bg/wp/w in /data/development/site/delicatessen.bg/wp/wp-content/plugins/wp-all-import-pro/classes/PHPExcel/Reader/Excel2007.php on line 85

2020-11-16T13:37:34+00:00 CRITICAL Uncaught Error: Class 'ZipArchive' not found in /data/development/site/delicatessen.bg/wp/wp-content/plugins/wp-all-import-pro/classes/PHPExcel/Reader/Excel2007.php:85
Stack trace:
#0 /data/development/site/delicatessen.bg/wp/wp-content/plugins/wp-all-import-pro/classes/PHPExcel/IOFactory.php(269): PHPExcel_Reader_Excel2007->canRead('/data/developme...')
#1 /data/development/site/delicatessen.bg/wp/wp-content/plugins/wp-all-import-pro/classes/PHPExcel/IOFactory.php(191): PHPExcel_IOFactory::createReaderForFile('/data/developme...')
#2 /data/development/site/delicatessen.bg/wp/wp-content/plugins/wp-all-import-pro/libraries/XmlImportXLSParse.php(35): PHPExcel_IOFactory::load('/data/developme...')
#3 /data/development/site/delicatessen.bg/wp/wp-content/plugins/wp-all-import-pro/libraries/XmlImportXLSParse.php(28): PMXI_XLSParser->toXML()
#4 /data/development/site/delicatessen.bg/wp/wp-content/plugins/wp-all-import-pro/classes/upload.php(749): PMXI_XLSParser->parse()
#5 /data/development/site/delicatessen.bg/wp/w in /data/development/site/delicatessen.bg/wp/wp-content/plugins/wp-all-import-pro/classes/PHPExcel/Reader/Excel2007.php on line 85

2020-11-16T13:44:44+00:00 CRITICAL Uncaught Error: Class 'ZipArchive' not found in /data/development/site/delicatessen.bg/wp/wp-content/plugins/wp-all-import-pro/classes/PHPExcel/Reader/Excel2007.php:85
Stack trace:
#0 /data/development/site/delicatessen.bg/wp/wp-content/plugins/wp-all-import-pro/classes/PHPExcel/IOFactory.php(269): PHPExcel_Reader_Excel2007->canRead('/data/developme...')
#1 /data/development/site/delicatessen.bg/wp/wp-content/plugins/wp-all-import-pro/classes/PHPExcel/IOFactory.php(191): PHPExcel_IOFactory::createReaderForFile('/data/developme...')
#2 /data/development/site/delicatessen.bg/wp/wp-content/plugins/wp-all-import-pro/libraries/XmlImportXLSParse.php(35): PHPExcel_IOFactory::load('/data/developme...')
#3 /data/development/site/delicatessen.bg/wp/wp-content/plugins/wp-all-import-pro/libraries/XmlImportXLSParse.php(28): PMXI_XLSParser->toXML()
#4 /data/development/site/delicatessen.bg/wp/wp-content/plugins/wp-all-import-pro/classes/upload.php(228): PMXI_XLSParser->parse()
#5 /data/development/site/delicatessen.bg/wp/w in /data/development/site/delicatessen.bg/wp/wp-content/plugins/wp-all-import-pro/classes/PHPExcel/Reader/Excel2007.php on line 85

2020-11-16T14:35:36+00:00 CRITICAL Uncaught Error: Class 'ZipArchive' not found in /data/development/site/delicatessen.bg/wp/wp-content/plugins/wp-all-import-pro/classes/PHPExcel/Reader/Excel2007.php:85
Stack trace:
#0 /data/development/site/delicatessen.bg/wp/wp-content/plugins/wp-all-import-pro/classes/PHPExcel/IOFactory.php(269): PHPExcel_Reader_Excel2007->canRead('/data/developme...')
#1 /data/development/site/delicatessen.bg/wp/wp-content/plugins/wp-all-import-pro/classes/PHPExcel/IOFactory.php(191): PHPExcel_IOFactory::createReaderForFile('/data/developme...')
#2 /data/development/site/delicatessen.bg/wp/wp-content/plugins/wp-all-import-pro/libraries/XmlImportXLSParse.php(35): PHPExcel_IOFactory::load('/data/developme...')
#3 /data/development/site/delicatessen.bg/wp/wp-content/plugins/wp-all-import-pro/libraries/XmlImportXLSParse.php(28): PMXI_XLSParser->toXML()
#4 /data/development/site/delicatessen.bg/wp/wp-content/plugins/wp-all-import-pro/classes/upload.php(228): PMXI_XLSParser->parse()
#5 /data/development/site/delicatessen.bg/wp/w in /data/development/site/delicatessen.bg/wp/wp-content/plugins/wp-all-import-pro/classes/PHPExcel/Reader/Excel2007.php on line 85

2020-11-16T14:40:08+00:00 CRITICAL Uncaught Error: Class 'ZipArchive' not found in /data/development/site/delicatessen.bg/wp/wp-content/plugins/wp-all-import-pro/classes/PHPExcel/Reader/Excel2007.php:85
Stack trace:
#0 /data/development/site/delicatessen.bg/wp/wp-content/plugins/wp-all-import-pro/classes/PHPExcel/IOFactory.php(269): PHPExcel_Reader_Excel2007->canRead('/data/developme...')
#1 /data/development/site/delicatessen.bg/wp/wp-content/plugins/wp-all-import-pro/classes/PHPExcel/IOFactory.php(191): PHPExcel_IOFactory::createReaderForFile('/data/developme...')
#2 /data/development/site/delicatessen.bg/wp/wp-content/plugins/wp-all-import-pro/libraries/XmlImportXLSParse.php(35): PHPExcel_IOFactory::load('/data/developme...')
#3 /data/development/site/delicatessen.bg/wp/wp-content/plugins/wp-all-import-pro/libraries/XmlImportXLSParse.php(28): PMXI_XLSParser->toXML()
#4 /data/development/site/delicatessen.bg/wp/wp-content/plugins/wp-all-import-pro/classes/upload.php(228): PMXI_XLSParser->parse()
#5 /data/development/site/delicatessen.bg/wp/w in /data/development/site/delicatessen.bg/wp/wp-content/plugins/wp-all-import-pro/classes/PHPExcel/Reader/Excel2007.php on line 85

2020-11-16T14:44:40+00:00 CRITICAL Uncaught Error: Class 'ZipArchive' not found in /data/development/site/delicatessen.bg/wp/wp-content/plugins/wp-all-import-pro/classes/PHPExcel/Reader/Excel2007.php:85
Stack trace:
#0 /data/development/site/delicatessen.bg/wp/wp-content/plugins/wp-all-import-pro/classes/PHPExcel/IOFactory.php(269): PHPExcel_Reader_Excel2007->canRead('/data/developme...')
#1 /data/development/site/delicatessen.bg/wp/wp-content/plugins/wp-all-import-pro/classes/PHPExcel/IOFactory.php(191): PHPExcel_IOFactory::createReaderForFile('/data/developme...')
#2 /data/development/site/delicatessen.bg/wp/wp-content/plugins/wp-all-import-pro/libraries/XmlImportXLSParse.php(35): PHPExcel_IOFactory::load('/data/developme...')
#3 /data/development/site/delicatessen.bg/wp/wp-content/plugins/wp-all-import-pro/libraries/XmlImportXLSParse.php(28): PMXI_XLSParser->toXML()
#4 /data/development/site/delicatessen.bg/wp/wp-content/plugins/wp-all-import-pro/classes/upload.php(228): PMXI_XLSParser->parse()
#5 /data/development/site/delicatessen.bg/wp/w in /data/development/site/delicatessen.bg/wp/wp-content/plugins/wp-all-import-pro/classes/PHPExcel/Reader/Excel2007.php on line 85

2020-11-16T14:44:55+00:00 CRITICAL Uncaught Error: Class 'ZipArchive' not found in /data/development/site/delicatessen.bg/wp/wp-content/plugins/wp-all-import-pro/classes/PHPExcel/Reader/Excel2007.php:85
Stack trace:
#0 /data/development/site/delicatessen.bg/wp/wp-content/plugins/wp-all-import-pro/classes/PHPExcel/IOFactory.php(269): PHPExcel_Reader_Excel2007->canRead('/data/developme...')
#1 /data/development/site/delicatessen.bg/wp/wp-content/plugins/wp-all-import-pro/classes/PHPExcel/IOFactory.php(191): PHPExcel_IOFactory::createReaderForFile('/data/developme...')
#2 /data/development/site/delicatessen.bg/wp/wp-content/plugins/wp-all-import-pro/libraries/XmlImportXLSParse.php(35): PHPExcel_IOFactory::load('/data/developme...')
#3 /data/development/site/delicatessen.bg/wp/wp-content/plugins/wp-all-import-pro/libraries/XmlImportXLSParse.php(28): PMXI_XLSParser->toXML()
#4 /data/development/site/delicatessen.bg/wp/wp-content/plugins/wp-all-import-pro/classes/upload.php(228): PMXI_XLSParser->parse()
#5 /data/development/site/delicatessen.bg/wp/w in /data/development/site/delicatessen.bg/wp/wp-content/plugins/wp-all-import-pro/classes/PHPExcel/Reader/Excel2007.php on line 85

2020-11-16T14:46:29+00:00 CRITICAL Uncaught Error: Class 'ZipArchive' not found in /data/development/site/delicatessen.bg/wp/wp-content/plugins/wp-all-import-pro/classes/PHPExcel/Reader/Excel2007.php:85
Stack trace:
#0 /data/development/site/delicatessen.bg/wp/wp-content/plugins/wp-all-import-pro/classes/PHPExcel/IOFactory.php(269): PHPExcel_Reader_Excel2007->canRead('/data/developme...')
#1 /data/development/site/delicatessen.bg/wp/wp-content/plugins/wp-all-import-pro/classes/PHPExcel/IOFactory.php(191): PHPExcel_IOFactory::createReaderForFile('/data/developme...')
#2 /data/development/site/delicatessen.bg/wp/wp-content/plugins/wp-all-import-pro/libraries/XmlImportXLSParse.php(35): PHPExcel_IOFactory::load('/data/developme...')
#3 /data/development/site/delicatessen.bg/wp/wp-content/plugins/wp-all-import-pro/libraries/XmlImportXLSParse.php(28): PMXI_XLSParser->toXML()
#4 /data/development/site/delicatessen.bg/wp/wp-content/plugins/wp-all-import-pro/classes/upload.php(228): PMXI_XLSParser->parse()
#5 /data/development/site/delicatessen.bg/wp/w in /data/development/site/delicatessen.bg/wp/wp-content/plugins/wp-all-import-pro/classes/PHPExcel/Reader/Excel2007.php on line 85

